<?xml version="1.0" encoding="UTF-8"?>
<!-- Generated by org.testng.reporters.JUnitReportReporter -->
<testsuite hostname="LTIN191527" failures="0" tests="1" name="sample.GetandPostExamples" time="11.457" errors="0" timestamp="2023-05-09T11:25:46 IST" skipped="0">
  <testcase classname="sample.GetandPostExamples" name="testPost" time="11.457"/>
  <system-out/>
</testsuite> <!-- sample.GetandPostExamples -->
