<?xml version="1.0" encoding="UTF-8"?>
<!-- Generated by org.testng.reporters.JUnitReportReporter -->
<testsuite hostname="LTIN191527" failures="0" tests="2" name="sample.simpleproject" time="15.736" errors="0" timestamp="2023-05-09T10:06:16 IST" skipped="0">
  <testcase classname="sample.simpleproject" name="mallu" time="9.961"/>
  <system-out/>
  <testcase classname="sample.simpleproject" name="test2" time="5.775"/>
  <system-out/>
</testsuite> <!-- sample.simpleproject -->
